[2020-12-23 23:20:42.691] [exthost] [info] extension host started
[2020-12-23 23:20:42.957] [exthost] [info] ExtensionService#_doActivateExtension vscode.microsoft-authentication {"startup":false,"extensionId":{"value":"vscode.microsoft-authentication","_lower":"vscode.microsoft-authentication"},"activationEvent":"onAuthenticationRequest:microsoft"}
[2020-12-23 23:20:42.958] [exthost] [info] ExtensionService#loadCommonJSModule file:///var/lib/snapd/snap/code/52/usr/share/code/resources/app/extensions/microsoft-authentication/dist/extension.js
[2020-12-23 23:20:42.977] [exthost] [info] ExtensionService#_doActivateExtension vscode.debug-auto-launch {"startup":true,"extensionId":{"value":"vscode.debug-auto-launch","_lower":"vscode.debug-auto-launch"},"activationEvent":"*"}
[2020-12-23 23:20:42.977] [exthost] [info] ExtensionService#loadCommonJSModule file:///var/lib/snapd/snap/code/52/usr/share/code/resources/app/extensions/debug-auto-launch/dist/extension
[2020-12-23 23:20:42.981] [exthost] [info] ExtensionService#_doActivateExtension vscode.emmet {"startup":true,"extensionId":{"value":"vscode.emmet","_lower":"vscode.emmet"},"activationEvent":"*"}
[2020-12-23 23:20:42.981] [exthost] [info] ExtensionService#loadCommonJSModule file:///var/lib/snapd/snap/code/52/usr/share/code/resources/app/extensions/emmet/dist/node/emmetNodeMain
[2020-12-23 23:20:42.995] [exthost] [info] ExtensionService#_doActivateExtension vscode.git {"startup":true,"extensionId":{"value":"vscode.github","_lower":"vscode.github"},"activationEvent":"*"}
[2020-12-23 23:20:42.995] [exthost] [info] ExtensionService#loadCommonJSModule file:///var/lib/snapd/snap/code/52/usr/share/code/resources/app/extensions/git/dist/main
[2020-12-23 23:20:43.010] [exthost] [info] ExtensionService#_doActivateExtension vscode.merge-conflict {"startup":true,"extensionId":{"value":"vscode.merge-conflict","_lower":"vscode.merge-conflict"},"activationEvent":"*"}
[2020-12-23 23:20:43.011] [exthost] [info] ExtensionService#loadCommonJSModule file:///var/lib/snapd/snap/code/52/usr/share/code/resources/app/extensions/merge-conflict/dist/mergeConflictMain
[2020-12-23 23:20:43.014] [exthost] [info] ExtensionService#_doActivateExtension vscode.search-result {"startup":true,"extensionId":{"value":"vscode.search-result","_lower":"vscode.search-result"},"activationEvent":"*"}
[2020-12-23 23:20:43.014] [exthost] [info] ExtensionService#loadCommonJSModule file:///var/lib/snapd/snap/code/52/usr/share/code/resources/app/extensions/search-result/dist/extension.js
[2020-12-23 23:20:43.015] [exthost] [info] ExtensionService#_doActivateExtension icrawl.discord-vscode {"startup":true,"extensionId":{"value":"icrawl.discord-vscode","_lower":"icrawl.discord-vscode"},"activationEvent":"*"}
[2020-12-23 23:20:43.015] [exthost] [info] ExtensionService#loadCommonJSModule file:///home/codegrity/.vscode/extensions/icrawl.discord-vscode-4.1.0/dist/extension
[2020-12-23 23:20:43.022] [exthost] [info] ExtensionService#_doActivateExtension RobbOwen.synthwave-vscode {"startup":true,"extensionId":{"value":"RobbOwen.synthwave-vscode","_lower":"robbowen.synthwave-vscode"},"activationEvent":"*"}
[2020-12-23 23:20:43.022] [exthost] [info] ExtensionService#loadCommonJSModule file:///home/codegrity/.vscode/extensions/robbowen.synthwave-vscode-0.1.8/src/extension.js
[2020-12-23 23:20:43.168] [exthost] [info] ExtensionService#_doActivateExtension ms-vscode.js-debug {"startup":false,"extensionId":{"value":"ms-vscode.js-debug","_lower":"ms-vscode.js-debug"},"activationEvent":"onCommand:extension.js-debug.clearAutoAttachVariables"}
[2020-12-23 23:20:43.169] [exthost] [info] ExtensionService#loadCommonJSModule file:///var/lib/snapd/snap/code/52/usr/share/code/resources/app/extensions/ms-vscode.js-debug/src/extension.js
[2020-12-23 23:20:43.247] [exthost] [info] ExtensionService#_doActivateExtension vscode.github {"startup":false,"extensionId":{"value":"vscode.github","_lower":"vscode.github"},"activationEvent":"*"}
[2020-12-23 23:20:43.247] [exthost] [info] ExtensionService#loadCommonJSModule file:///var/lib/snapd/snap/code/52/usr/share/code/resources/app/extensions/github/dist/extension.js
[2020-12-23 23:20:43.267] [exthost] [info] eager extensions activated
[2020-12-23 23:20:43.300] [exthost] [info] ExtensionService#_doActivateExtension vscode.github-authentication {"startup":false,"extensionId":{"value":"vscode.github-authentication","_lower":"vscode.github-authentication"},"activationEvent":"onAuthenticationRequest:github"}
[2020-12-23 23:20:43.300] [exthost] [info] ExtensionService#loadCommonJSModule file:///var/lib/snapd/snap/code/52/usr/share/code/resources/app/extensions/github-authentication/dist/extension.js
[2020-12-23 23:20:54.286] [exthost] [info] ExtensionService#_doActivateExtension vscode.configuration-editing {"startup":false,"extensionId":{"value":"vscode.configuration-editing","_lower":"vscode.configuration-editing"},"activationEvent":"onLanguage:jsonc"}
[2020-12-23 23:20:54.286] [exthost] [info] ExtensionService#loadCommonJSModule file:///var/lib/snapd/snap/code/52/usr/share/code/resources/app/extensions/configuration-editing/dist/configurationEditingMain
[2020-12-23 23:20:54.324] [exthost] [info] ExtensionService#_doActivateExtension vscode.json-language-features {"startup":false,"extensionId":{"value":"vscode.json-language-features","_lower":"vscode.json-language-features"},"activationEvent":"onLanguage:jsonc"}
[2020-12-23 23:20:54.324] [exthost] [info] ExtensionService#loadCommonJSModule file:///var/lib/snapd/snap/code/52/usr/share/code/resources/app/extensions/json-language-features/client/dist/node/jsonClientMain
[2020-12-23 23:20:54.376] [exthost] [info] ExtensionService#_doActivateExtension vscode.typescript-language-features {"startup":false,"extensionId":{"value":"vscode.typescript-language-features","_lower":"vscode.typescript-language-features"},"activationEvent":"onLanguage:jsonc"}
[2020-12-23 23:20:54.376] [exthost] [info] ExtensionService#loadCommonJSModule file:///var/lib/snapd/snap/code/52/usr/share/code/resources/app/extensions/typescript-language-features/dist/extension
[2020-12-23 23:22:51.320] [exthost] [info] extension host started
[2020-12-23 23:22:51.360] [exthost] [info] ExtensionService#_doActivateExtension vscode.microsoft-authentication {"startup":false,"extensionId":{"value":"vscode.microsoft-authentication","_lower":"vscode.microsoft-authentication"},"activationEvent":"onAuthenticationRequest:microsoft"}
[2020-12-23 23:22:51.360] [exthost] [info] ExtensionService#loadCommonJSModule file:///var/lib/snapd/snap/code/52/usr/share/code/resources/app/extensions/microsoft-authentication/dist/extension.js
[2020-12-23 23:22:51.372] [exthost] [info] ExtensionService#_doActivateExtension vscode.debug-auto-launch {"startup":true,"extensionId":{"value":"vscode.debug-auto-launch","_lower":"vscode.debug-auto-launch"},"activationEvent":"*"}
[2020-12-23 23:22:51.373] [exthost] [info] ExtensionService#loadCommonJSModule file:///var/lib/snapd/snap/code/52/usr/share/code/resources/app/extensions/debug-auto-launch/dist/extension
[2020-12-23 23:22:51.376] [exthost] [info] ExtensionService#_doActivateExtension vscode.emmet {"startup":true,"extensionId":{"value":"vscode.emmet","_lower":"vscode.emmet"},"activationEvent":"*"}
[2020-12-23 23:22:51.376] [exthost] [info] ExtensionService#loadCommonJSModule file:///var/lib/snapd/snap/code/52/usr/share/code/resources/app/extensions/emmet/dist/node/emmetNodeMain
[2020-12-23 23:22:51.390] [exthost] [info] ExtensionService#_doActivateExtension vscode.git {"startup":true,"extensionId":{"value":"vscode.github","_lower":"vscode.github"},"activationEvent":"*"}
[2020-12-23 23:22:51.390] [exthost] [info] ExtensionService#loadCommonJSModule file:///var/lib/snapd/snap/code/52/usr/share/code/resources/app/extensions/git/dist/main
[2020-12-23 23:22:51.406] [exthost] [info] ExtensionService#_doActivateExtension vscode.merge-conflict {"startup":true,"extensionId":{"value":"vscode.merge-conflict","_lower":"vscode.merge-conflict"},"activationEvent":"*"}
[2020-12-23 23:22:51.406] [exthost] [info] ExtensionService#loadCommonJSModule file:///var/lib/snapd/snap/code/52/usr/share/code/resources/app/extensions/merge-conflict/dist/mergeConflictMain
[2020-12-23 23:22:51.409] [exthost] [info] ExtensionService#_doActivateExtension vscode.search-result {"startup":true,"extensionId":{"value":"vscode.search-result","_lower":"vscode.search-result"},"activationEvent":"*"}
[2020-12-23 23:22:51.409] [exthost] [info] ExtensionService#loadCommonJSModule file:///var/lib/snapd/snap/code/52/usr/share/code/resources/app/extensions/search-result/dist/extension.js
[2020-12-23 23:22:51.410] [exthost] [info] ExtensionService#_doActivateExtension icrawl.discord-vscode {"startup":true,"extensionId":{"value":"icrawl.discord-vscode","_lower":"icrawl.discord-vscode"},"activationEvent":"*"}
[2020-12-23 23:22:51.410] [exthost] [info] ExtensionService#loadCommonJSModule file:///home/codegrity/.vscode/extensions/icrawl.discord-vscode-4.1.0/dist/extension
[2020-12-23 23:22:51.417] [exthost] [info] ExtensionService#_doActivateExtension RobbOwen.synthwave-vscode {"startup":true,"extensionId":{"value":"RobbOwen.synthwave-vscode","_lower":"robbowen.synthwave-vscode"},"activationEvent":"*"}
[2020-12-23 23:22:51.417] [exthost] [info] ExtensionService#loadCommonJSModule file:///home/codegrity/.vscode/extensions/robbowen.synthwave-vscode-0.1.8/src/extension.js
[2020-12-23 23:22:51.581] [exthost] [info] ExtensionService#_doActivateExtension ms-vscode.js-debug {"startup":false,"extensionId":{"value":"ms-vscode.js-debug","_lower":"ms-vscode.js-debug"},"activationEvent":"onCommand:extension.js-debug.clearAutoAttachVariables"}
[2020-12-23 23:22:51.581] [exthost] [info] ExtensionService#loadCommonJSModule file:///var/lib/snapd/snap/code/52/usr/share/code/resources/app/extensions/ms-vscode.js-debug/src/extension.js
[2020-12-23 23:22:51.691] [exthost] [info] ExtensionService#_doActivateExtension vscode.github {"startup":false,"extensionId":{"value":"vscode.github","_lower":"vscode.github"},"activationEvent":"*"}
[2020-12-23 23:22:51.691] [exthost] [info] ExtensionService#loadCommonJSModule file:///var/lib/snapd/snap/code/52/usr/share/code/resources/app/extensions/github/dist/extension.js
[2020-12-23 23:22:51.755] [exthost] [info] eager extensions activated
[2020-12-23 23:22:51.765] [exthost] [info] ExtensionService#_doActivateExtension vscode.github-authentication {"startup":false,"extensionId":{"value":"vscode.github-authentication","_lower":"vscode.github-authentication"},"activationEvent":"onAuthenticationRequest:github"}
[2020-12-23 23:22:51.765] [exthost] [info] ExtensionService#loadCommonJSModule file:///var/lib/snapd/snap/code/52/usr/share/code/resources/app/extensions/github-authentication/dist/extension.js
