[2020-12-20 17:20:14.097] [exthost] [info] extension host started
[2020-12-20 17:20:14.135] [exthost] [info] ExtensionService#_doActivateExtension vscode.microsoft-authentication {"startup":false,"extensionId":{"value":"vscode.microsoft-authentication","_lower":"vscode.microsoft-authentication"},"activationEvent":"onAuthenticationRequest:microsoft"}
[2020-12-20 17:20:14.135] [exthost] [info] ExtensionService#loadCommonJSModule file:///var/lib/snapd/snap/code/52/usr/share/code/resources/app/extensions/microsoft-authentication/dist/extension.js
[2020-12-20 17:20:14.145] [exthost] [info] ExtensionService#_doActivateExtension vscode.debug-auto-launch {"startup":true,"extensionId":{"value":"vscode.debug-auto-launch","_lower":"vscode.debug-auto-launch"},"activationEvent":"*"}
[2020-12-20 17:20:14.145] [exthost] [info] ExtensionService#loadCommonJSModule file:///var/lib/snapd/snap/code/52/usr/share/code/resources/app/extensions/debug-auto-launch/dist/extension
[2020-12-20 17:20:14.147] [exthost] [info] ExtensionService#_doActivateExtension vscode.emmet {"startup":true,"extensionId":{"value":"vscode.emmet","_lower":"vscode.emmet"},"activationEvent":"*"}
[2020-12-20 17:20:14.148] [exthost] [info] ExtensionService#loadCommonJSModule file:///var/lib/snapd/snap/code/52/usr/share/code/resources/app/extensions/emmet/dist/node/emmetNodeMain
[2020-12-20 17:20:14.160] [exthost] [info] ExtensionService#_doActivateExtension vscode.git {"startup":true,"extensionId":{"value":"vscode.github","_lower":"vscode.github"},"activationEvent":"*"}
[2020-12-20 17:20:14.160] [exthost] [info] ExtensionService#loadCommonJSModule file:///var/lib/snapd/snap/code/52/usr/share/code/resources/app/extensions/git/dist/main
[2020-12-20 17:20:14.176] [exthost] [info] ExtensionService#_doActivateExtension vscode.merge-conflict {"startup":true,"extensionId":{"value":"vscode.merge-conflict","_lower":"vscode.merge-conflict"},"activationEvent":"*"}
[2020-12-20 17:20:14.176] [exthost] [info] ExtensionService#loadCommonJSModule file:///var/lib/snapd/snap/code/52/usr/share/code/resources/app/extensions/merge-conflict/dist/mergeConflictMain
[2020-12-20 17:20:14.178] [exthost] [info] ExtensionService#_doActivateExtension vscode.search-result {"startup":true,"extensionId":{"value":"vscode.search-result","_lower":"vscode.search-result"},"activationEvent":"*"}
[2020-12-20 17:20:14.178] [exthost] [info] ExtensionService#loadCommonJSModule file:///var/lib/snapd/snap/code/52/usr/share/code/resources/app/extensions/search-result/dist/extension.js
[2020-12-20 17:20:14.179] [exthost] [info] ExtensionService#_doActivateExtension RobbOwen.synthwave-vscode {"startup":true,"extensionId":{"value":"RobbOwen.synthwave-vscode","_lower":"robbowen.synthwave-vscode"},"activationEvent":"*"}
[2020-12-20 17:20:14.179] [exthost] [info] ExtensionService#loadCommonJSModule file:///home/codegrity/.vscode/extensions/robbowen.synthwave-vscode-0.1.8/src/extension.js
[2020-12-20 17:20:14.240] [exthost] [info] ExtensionService#_doActivateExtension vscode.github {"startup":true,"extensionId":{"value":"vscode.github","_lower":"vscode.github"},"activationEvent":"*"}
[2020-12-20 17:20:14.241] [exthost] [info] ExtensionService#loadCommonJSModule file:///var/lib/snapd/snap/code/52/usr/share/code/resources/app/extensions/github/dist/extension.js
[2020-12-20 17:20:14.278] [exthost] [info] eager extensions activated
[2020-12-20 17:20:14.279] [exthost] [info] ExtensionService#_doActivateExtension ms-vscode.js-debug {"startup":false,"extensionId":{"value":"ms-vscode.js-debug","_lower":"ms-vscode.js-debug"},"activationEvent":"onCommand:extension.js-debug.clearAutoAttachVariables"}
[2020-12-20 17:20:14.279] [exthost] [info] ExtensionService#loadCommonJSModule file:///var/lib/snapd/snap/code/52/usr/share/code/resources/app/extensions/ms-vscode.js-debug/src/extension.js
[2020-12-20 17:20:14.392] [exthost] [info] ExtensionService#_doActivateExtension vscode.github-authentication {"startup":false,"extensionId":{"value":"vscode.github-authentication","_lower":"vscode.github-authentication"},"activationEvent":"onAuthenticationRequest:github"}
[2020-12-20 17:20:14.393] [exthost] [info] ExtensionService#loadCommonJSModule file:///var/lib/snapd/snap/code/52/usr/share/code/resources/app/extensions/github-authentication/dist/extension.js
