[2021-01-05 14:17:33.051] [renderer1] [error] [File Watcher (node.js)] Failed to watch /home/codegrity/.config/VSCodium/User for changes using fs.watch() (TypeError: Cannot redefine property: owner)
[2021-01-05 14:17:33.051] [renderer1] [error] [File Watcher (node.js)] Error: ENOENT: no such file or directory, stat '/home/codegrity/.config/polybar/.vscode'
[2021-01-05 14:17:33.051] [renderer1] [error] [File Watcher (node.js)] Failed to watch /home/codegrity/.config/VSCodium/logs/20210105T141730/output_1_20210105T141731 for changes using fs.watch() (TypeError: Cannot redefine property: owner)
[2021-01-05 14:17:33.051] [renderer1] [error] Error: [File Watcher (node.js)] Failed to watch /home/codegrity/.config/VSCodium/User/settings.json for changes using fs.watch() (TypeError: Cannot redefine property: owner)
[2021-01-05 14:17:33.051] [renderer1] [error] [File Watcher (node.js)] Failed to watch /home/codegrity/.config/VSCodium/User/settings.json for changes using fs.watch() (TypeError: Cannot redefine property: owner)
[2021-01-05 14:17:33.051] [renderer1] [error] Error: [File Watcher (node.js)] Failed to watch /home/codegrity/.config/VSCodium/logs/20210105T141730 for changes using fs.watch() (TypeError: Cannot redefine property: owner)
[2021-01-05 14:17:33.051] [renderer1] [error] [File Watcher (node.js)] Failed to watch /home/codegrity/.config/VSCodium/logs/20210105T141730 for changes using fs.watch() (TypeError: Cannot redefine property: owner)
[2021-01-05 14:17:33.076] [renderer1] [error] Unable to load file:///home/codegrity/.vscode-oss/extensions/robbowen.synthwave-vscode-0.1.8/themes/synthwave-color-theme.json: Problems parsing JSON theme file: Invalid symbol: Error: Unable to load file:///home/codegrity/.vscode-oss/extensions/robbowen.synthwave-vscode-0.1.8/themes/synthwave-color-theme.json: Problems parsing JSON theme file: Invalid symbol
    at file:///usr/share/vscodium-bin/resources/app/out/vs/workbench/workbench.desktop.main.js:6262:844
    at async Promise.all (index 0)
[2021-01-05 14:17:33.684] [renderer1] [error] Error: [File Watcher (node.js)] Failed to watch /home/codegrity/.config/VSCodium/User/snippets for changes using fs.watch() (TypeError: Cannot redefine property: owner)
[2021-01-05 14:17:33.684] [renderer1] [error] [File Watcher (node.js)] Failed to watch /home/codegrity/.config/VSCodium/User/snippets for changes using fs.watch() (TypeError: Cannot redefine property: owner)
[2021-01-05 18:27:59.558] [renderer1] [error] Error: [File Watcher (node.js)] Failed to watch /home/codegrity/.config/i3/get_spotify_status.sh for changes using fs.watch() (TypeError: Cannot redefine property: owner)
[2021-01-05 18:27:59.560] [renderer1] [error] [File Watcher (node.js)] Failed to watch /home/codegrity/.config/i3/get_spotify_status.sh for changes using fs.watch() (TypeError: Cannot redefine property: owner)
[2021-01-05 18:43:51.645] [renderer1] [error] Error: [File Watcher (node.js)] Failed to watch /home/codegrity/.config/i3/spotify_wallpaper.py for changes using fs.watch() (TypeError: Cannot redefine property: owner)
[2021-01-05 18:43:51.645] [renderer1] [error] [File Watcher (node.js)] Failed to watch /home/codegrity/.config/i3/spotify_wallpaper.py for changes using fs.watch() (TypeError: Cannot redefine property: owner)
[2021-01-05 19:07:35.035] [renderer1] [error] Error: [File Watcher (node.js)] Failed to watch /home/codegrity/.config/spicetify/Extensions/fullAppDisplay.js for changes using fs.watch() (TypeError: Cannot redefine property: owner)
[2021-01-05 19:07:35.036] [renderer1] [error] [File Watcher (node.js)] Failed to watch /home/codegrity/.config/spicetify/Extensions/fullAppDisplay.js for changes using fs.watch() (TypeError: Cannot redefine property: owner)
[2021-01-05 19:07:40.558] [renderer1] [error] Error: [File Watcher (node.js)] Failed to watch /home/codegrity/.config/i3/get_spotify_status.sh for changes using fs.watch() (TypeError: Cannot redefine property: owner)
[2021-01-05 19:07:40.562] [renderer1] [error] [File Watcher (node.js)] Failed to watch /home/codegrity/.config/i3/get_spotify_status.sh for changes using fs.watch() (TypeError: Cannot redefine property: owner)
[2021-01-05 19:20:49.142] [renderer1] [error] Error: [File Watcher (node.js)] Failed to watch /home/codegrity/.config/i3/spotify_wallpaper.py for changes using fs.watch() (TypeError: Cannot redefine property: owner)
[2021-01-05 19:20:49.144] [renderer1] [error] [File Watcher (node.js)] Failed to watch /home/codegrity/.config/i3/spotify_wallpaper.py for changes using fs.watch() (TypeError: Cannot redefine property: owner)
[2021-01-05 19:32:17.740] [renderer1] [warning] Settings pattern "workbench.fontAliasing" doesn't match any settings
[2021-01-05 19:32:17.775] [renderer1] [warning] Settings pattern "settingsSync.*" doesn't match any settings
[2021-01-05 19:32:17.775] [renderer1] [warning] Settings pattern "sync.*" doesn't match any settings
[2021-01-05 19:32:18.728] [renderer1] [error] Error: [File Watcher (node.js)] Failed to watch /home/codegrity/.config/spicetify/Extensions/fullAppDisplay.js for changes using fs.watch() (TypeError: Cannot redefine property: owner)
[2021-01-05 19:32:18.728] [renderer1] [error] [File Watcher (node.js)] Failed to watch /home/codegrity/.config/spicetify/Extensions/fullAppDisplay.js for changes using fs.watch() (TypeError: Cannot redefine property: owner)
[2021-01-05 19:32:19.694] [renderer1] [error] Error: [File Watcher (node.js)] Failed to watch /home/codegrity/.config/i3/spotify_wallpaper.py for changes using fs.watch() (TypeError: Cannot redefine property: owner)
[2021-01-05 19:32:19.695] [renderer1] [error] [File Watcher (node.js)] Failed to watch /home/codegrity/.config/i3/spotify_wallpaper.py for changes using fs.watch() (TypeError: Cannot redefine property: owner)
[2021-01-05 19:32:23.436] [renderer1] [error] Error: [File Watcher (node.js)] Failed to watch /home/codegrity/.config/spicetify/Extensions/fullAppDisplay.js for changes using fs.watch() (TypeError: Cannot redefine property: owner)
[2021-01-05 19:32:23.436] [renderer1] [error] [File Watcher (node.js)] Failed to watch /home/codegrity/.config/spicetify/Extensions/fullAppDisplay.js for changes using fs.watch() (TypeError: Cannot redefine property: owner)
[2021-01-05 19:32:24.217] [renderer1] [error] Error: [File Watcher (node.js)] Failed to watch /home/codegrity/.config/i3/spotify_wallpaper.py for changes using fs.watch() (TypeError: Cannot redefine property: owner)
[2021-01-05 19:32:24.219] [renderer1] [error] [File Watcher (node.js)] Failed to watch /home/codegrity/.config/i3/spotify_wallpaper.py for changes using fs.watch() (TypeError: Cannot redefine property: owner)
[2021-01-05 20:39:49.728] [renderer1] [error] Error: [File Watcher (node.js)] Failed to watch /home/codegrity/.config/i3/config for changes using fs.watch() (TypeError: Cannot redefine property: owner)
[2021-01-05 20:39:49.728] [renderer1] [error] [File Watcher (node.js)] Failed to watch /home/codegrity/.config/i3/config for changes using fs.watch() (TypeError: Cannot redefine property: owner)
[2021-01-05 21:03:52.377] [renderer1] [error] Error: [File Watcher (node.js)] Failed to watch /home/codegrity/.config/i3/spotify_wallpaper.py for changes using fs.watch() (TypeError: Cannot redefine property: owner)
[2021-01-05 21:03:52.378] [renderer1] [error] [File Watcher (node.js)] Failed to watch /home/codegrity/.config/i3/spotify_wallpaper.py for changes using fs.watch() (TypeError: Cannot redefine property: owner)
[2021-01-05 21:03:53.552] [renderer1] [error] Error: [File Watcher (node.js)] Failed to watch /home/codegrity/.config/i3/get_spotify_status.sh for changes using fs.watch() (TypeError: Cannot redefine property: owner)
[2021-01-05 21:03:53.552] [renderer1] [error] [File Watcher (node.js)] Failed to watch /home/codegrity/.config/i3/get_spotify_status.sh for changes using fs.watch() (TypeError: Cannot redefine property: owner)
[2021-01-05 21:03:58.944] [renderer1] [error] Error: [File Watcher (node.js)] Failed to watch /home/codegrity/.config/i3/spotify_wallpaper.py for changes using fs.watch() (TypeError: Cannot redefine property: owner)
[2021-01-05 21:03:58.945] [renderer1] [error] [File Watcher (node.js)] Failed to watch /home/codegrity/.config/i3/spotify_wallpaper.py for changes using fs.watch() (TypeError: Cannot redefine property: owner)
[2021-01-05 21:04:01.797] [renderer1] [error] Error: [File Watcher (node.js)] Failed to watch /home/codegrity/.config/i3/config for changes using fs.watch() (TypeError: Cannot redefine property: owner)
[2021-01-05 21:04:01.797] [renderer1] [error] [File Watcher (node.js)] Failed to watch /home/codegrity/.config/i3/config for changes using fs.watch() (TypeError: Cannot redefine property: owner)
[2021-01-05 21:04:09.461] [renderer1] [error] Error: [File Watcher (node.js)] Failed to watch /home/codegrity/.config/i3/spotify_wallpaper.py for changes using fs.watch() (TypeError: Cannot redefine property: owner)
[2021-01-05 21:04:09.461] [renderer1] [error] [File Watcher (node.js)] Failed to watch /home/codegrity/.config/i3/spotify_wallpaper.py for changes using fs.watch() (TypeError: Cannot redefine property: owner)
[2021-01-05 21:04:10.177] [renderer1] [error] Error: [File Watcher (node.js)] Failed to watch /home/codegrity/.config/spicetify/Extensions/fullAppDisplay.js for changes using fs.watch() (TypeError: Cannot redefine property: owner)
[2021-01-05 21:04:10.177] [renderer1] [error] [File Watcher (node.js)] Failed to watch /home/codegrity/.config/spicetify/Extensions/fullAppDisplay.js for changes using fs.watch() (TypeError: Cannot redefine property: owner)
[2021-01-05 21:04:16.247] [renderer1] [error] Error: [File Watcher (node.js)] Failed to watch /home/codegrity/.config/i3/spotify_wallpaper.py for changes using fs.watch() (TypeError: Cannot redefine property: owner)
[2021-01-05 21:04:16.247] [renderer1] [error] [File Watcher (node.js)] Failed to watch /home/codegrity/.config/i3/spotify_wallpaper.py for changes using fs.watch() (TypeError: Cannot redefine property: owner)
[2021-01-05 21:04:17.523] [renderer1] [error] Error: [File Watcher (node.js)] Failed to watch /home/codegrity/.config/i3/get_spotify_status.sh for changes using fs.watch() (TypeError: Cannot redefine property: owner)
[2021-01-05 21:04:17.524] [renderer1] [error] [File Watcher (node.js)] Failed to watch /home/codegrity/.config/i3/get_spotify_status.sh for changes using fs.watch() (TypeError: Cannot redefine property: owner)
[2021-01-05 21:04:18.298] [renderer1] [error] Error: [File Watcher (node.js)] Failed to watch /home/codegrity/.config/i3/config for changes using fs.watch() (TypeError: Cannot redefine property: owner)
[2021-01-05 21:04:18.299] [renderer1] [error] [File Watcher (node.js)] Failed to watch /home/codegrity/.config/i3/config for changes using fs.watch() (TypeError: Cannot redefine property: owner)
[2021-01-05 21:04:19.260] [renderer1] [error] Error: [File Watcher (node.js)] Failed to watch /home/codegrity/.config/i3/spotify_wallpaper.py for changes using fs.watch() (TypeError: Cannot redefine property: owner)
[2021-01-05 21:04:19.260] [renderer1] [error] [File Watcher (node.js)] Failed to watch /home/codegrity/.config/i3/spotify_wallpaper.py for changes using fs.watch() (TypeError: Cannot redefine property: owner)
[2021-01-05 21:04:21.856] [renderer1] [error] Error: [File Watcher (node.js)] Failed to watch /home/codegrity/.config/i3/get_spotify_status.sh for changes using fs.watch() (TypeError: Cannot redefine property: owner)
[2021-01-05 21:04:21.857] [renderer1] [error] [File Watcher (node.js)] Failed to watch /home/codegrity/.config/i3/get_spotify_status.sh for changes using fs.watch() (TypeError: Cannot redefine property: owner)
[2021-01-05 21:04:28.428] [renderer1] [error] Error: [File Watcher (node.js)] Failed to watch /home/codegrity/.config/i3/spotify_wallpaper.py for changes using fs.watch() (TypeError: Cannot redefine property: owner)
[2021-01-05 21:04:28.428] [renderer1] [error] [File Watcher (node.js)] Failed to watch /home/codegrity/.config/i3/spotify_wallpaper.py for changes using fs.watch() (TypeError: Cannot redefine property: owner)
