[2021-01-04 09:47:25.986] [exthost] [info] extension host started
[2021-01-04 09:47:26.153] [exthost] [info] ExtensionService#_doActivateExtension vscode.configuration-editing {"startup":false,"extensionId":{"value":"vscode.configuration-editing","_lower":"vscode.configuration-editing"},"activationEvent":"onLanguage:jsonc"}
[2021-01-04 09:47:26.153] [exthost] [info] ExtensionService#loadCommonJSModule file:///usr/share/vscodium-bin/resources/app/extensions/configuration-editing/dist/configurationEditingMain
[2021-01-04 09:47:26.158] [exthost] [info] ExtensionService#_doActivateExtension vscode.json-language-features {"startup":false,"extensionId":{"value":"vscode.json-language-features","_lower":"vscode.json-language-features"},"activationEvent":"onLanguage:jsonc"}
[2021-01-04 09:47:26.158] [exthost] [info] ExtensionService#loadCommonJSModule file:///usr/share/vscodium-bin/resources/app/extensions/json-language-features/client/dist/node/jsonClientMain
[2021-01-04 09:47:26.201] [exthost] [info] ExtensionService#_doActivateExtension vscode.typescript-language-features {"startup":false,"extensionId":{"value":"vscode.typescript-language-features","_lower":"vscode.typescript-language-features"},"activationEvent":"onLanguage:jsonc"}
[2021-01-04 09:47:26.201] [exthost] [info] ExtensionService#loadCommonJSModule file:///usr/share/vscodium-bin/resources/app/extensions/typescript-language-features/dist/extension
[2021-01-04 09:47:26.236] [exthost] [info] ExtensionService#_doActivateExtension vscode.debug-auto-launch {"startup":true,"extensionId":{"value":"vscode.debug-auto-launch","_lower":"vscode.debug-auto-launch"},"activationEvent":"*"}
[2021-01-04 09:47:26.236] [exthost] [info] ExtensionService#loadCommonJSModule file:///usr/share/vscodium-bin/resources/app/extensions/debug-auto-launch/dist/extension
[2021-01-04 09:47:26.243] [exthost] [info] ExtensionService#_doActivateExtension vscode.emmet {"startup":true,"extensionId":{"value":"vscode.emmet","_lower":"vscode.emmet"},"activationEvent":"*"}
[2021-01-04 09:47:26.243] [exthost] [info] ExtensionService#loadCommonJSModule file:///usr/share/vscodium-bin/resources/app/extensions/emmet/dist/node/emmetNodeMain
[2021-01-04 09:47:26.257] [exthost] [info] ExtensionService#_doActivateExtension vscode.git {"startup":true,"extensionId":{"value":"vscode.github","_lower":"vscode.github"},"activationEvent":"*"}
[2021-01-04 09:47:26.257] [exthost] [info] ExtensionService#loadCommonJSModule file:///usr/share/vscodium-bin/resources/app/extensions/git/dist/main
[2021-01-04 09:47:26.282] [exthost] [info] ExtensionService#_doActivateExtension vscode.merge-conflict {"startup":true,"extensionId":{"value":"vscode.merge-conflict","_lower":"vscode.merge-conflict"},"activationEvent":"*"}
[2021-01-04 09:47:26.282] [exthost] [info] ExtensionService#loadCommonJSModule file:///usr/share/vscodium-bin/resources/app/extensions/merge-conflict/dist/mergeConflictMain
[2021-01-04 09:47:26.285] [exthost] [info] ExtensionService#_doActivateExtension vscode.search-result {"startup":true,"extensionId":{"value":"vscode.search-result","_lower":"vscode.search-result"},"activationEvent":"*"}
[2021-01-04 09:47:26.285] [exthost] [info] ExtensionService#loadCommonJSModule file:///usr/share/vscodium-bin/resources/app/extensions/search-result/dist/extension.js
[2021-01-04 09:47:26.287] [exthost] [info] ExtensionService#_doActivateExtension RobbOwen.synthwave-vscode {"startup":true,"extensionId":{"value":"RobbOwen.synthwave-vscode","_lower":"robbowen.synthwave-vscode"},"activationEvent":"*"}
[2021-01-04 09:47:26.287] [exthost] [info] ExtensionService#loadCommonJSModule file:///home/codegrity/.vscode-oss/extensions/robbowen.synthwave-vscode-0.1.8/src/extension.js
[2021-01-04 09:47:26.401] [exthost] [info] ExtensionService#_doActivateExtension vscode.github {"startup":true,"extensionId":{"value":"vscode.github","_lower":"vscode.github"},"activationEvent":"*"}
[2021-01-04 09:47:26.401] [exthost] [info] ExtensionService#loadCommonJSModule file:///usr/share/vscodium-bin/resources/app/extensions/github/dist/extension.js
[2021-01-04 09:47:26.410] [exthost] [info] ExtensionService#_doActivateExtension ms-vscode.js-debug {"startup":false,"extensionId":{"value":"ms-vscode.js-debug","_lower":"ms-vscode.js-debug"},"activationEvent":"onCommand:extension.js-debug.clearAutoAttachVariables"}
[2021-01-04 09:47:26.410] [exthost] [info] ExtensionService#loadCommonJSModule file:///usr/share/vscodium-bin/resources/app/extensions/ms-vscode.js-debug/src/extension.js
[2021-01-04 09:47:26.510] [exthost] [info] eager extensions activated
[2021-01-04 09:48:04.075] [exthost] [info] ExtensionService#_doActivateExtension vscode.css-language-features {"startup":false,"extensionId":{"value":"vscode.css-language-features","_lower":"vscode.css-language-features"},"activationEvent":"onLanguage:css"}
[2021-01-04 09:48:04.076] [exthost] [info] ExtensionService#loadCommonJSModule file:///usr/share/vscodium-bin/resources/app/extensions/css-language-features/client/dist/node/cssClientMain
